-------------------------------------------------------------------------------
Test set: com.example.springmvc.SpringmvcApplicationTests
-------------------------------------------------------------------------------
Tests run: 1, Failures: 0, Errors: 1, Skipped: 0, Time elapsed: 1.204 s <<< FAILURE! - in com.example.springmvc.SpringmvcApplicationTests
initializationError(com.example.springmvc.SpringmvcApplicationTests)  Time elapsed: 0.017 s  <<< ERROR!
java.lang.IllegalStateException: Unable to find a @SpringBootConfiguration, you need to use @ContextConfiguration or @SpringBootTest(classes=...) with your test

