# JRE version: Java(TM) SE Runtime Environment (8.0_211-b12) (build 1.8.0_211-b12)
# Java VM: Java HotSpot(TM) 64-Bit Server VM (25.211-b12 mixed mode windows-amd64 compressed oops)
Heap:
 PSYoungGen      total 167424K, used 143867K [0x000000076b200000, 0x0000000776d80000, 0x00000007c0000000)
  eden space 143872K, 99% used [0x000000076b200000,0x0000000773e7eec8,0x0000000773e80000)
  from space 23552K, 0% used [0x0000000775680000,0x0000000775680000,0x0000000776d80000)
  to   space 24064K, 0% used [0x0000000773e80000,0x0000000773e80000,0x0000000775600000)
 ParOldGen       total 255488K, used 60507K [0x00000006c1600000, 0x00000006d0f80000, 0x000000076b200000)
  object space 255488K, 23% used [0x00000006c1600000,0x00000006c5116cd8,0x00000006d0f80000)
 Metaspace       used 95226K, capacity 100732K, committed 100992K, reserved 1138688K
  class space    used 11107K, capacity 12068K, committed 12160K, reserved 1048576K
GC Heap History (10 events):
Event: 61386.345 GC heap before
{Heap before GC invocations=564 (full 19):
 PSYoungGen      total 161792K, used 152432K [0x000000076b200000, 0x0000000776700000, 0x00000007c0000000)
  eden space 141312K, 100% used [0x000000076b200000,0x0000000773c00000,0x0000000773c00000)
  from space 20480K, 54% used [0x0000000775300000,0x0000000775ddc110,0x0000000776700000)
  to   space 22016K, 0% used [0x0000000773c00000,0x0000000773c00000,0x0000000775180000)
 ParOldGen       total 255488K, used 58643K [0x00000006c1600000, 0x00000006d0f80000, 0x000000076b200000)
  object space 255488K, 22% used [0x00000006c1600000,0x00000006c4f44cb0,0x00000006d0f80000)
 Metaspace       used 94295K, capacity 99620K, committed 99840K, reserved 1136640K
  class space    used 11023K, capacity 11958K, committed 12032K, reserved 1048576K
Event: 61386.352 GC heap after
Heap after GC invocations=564 (full 19):
 PSYoungGen      total 163328K, used 17304K [0x000000076b200000, 0x0000000777000000, 0x00000007c0000000)
  eden space 141312K, 0% used [0x000000076b200000,0x000000076b200000,0x0000000773c00000)
  from space 22016K, 78% used [0x0000000773c00000,0x0000000774ce61b0,0x0000000775180000)
  to   space 23040K, 0% used [0x0000000775980000,0x0000000775980000,0x0000000777000000)
 ParOldGen       total 255488K, used 58651K [0x00000006c1600000, 0x00000006d0f80000, 0x000000076b200000)
  object space 255488K, 22% used [0x00000006c1600000,0x00000006c4f46cb0,0x00000006d0f80000)
 Metaspace       used 94295K, capacity 99620K, committed 99840K, reserved 1136640K
  class space    used 11023K, capacity 11958K, committed 12032K, reserved 1048576K
}
Event: 61477.899 GC heap before
{Heap before GC invocations=565 (full 19):
 PSYoungGen      total 163328K, used 158616K [0x000000076b200000, 0x0000000777000000, 0x00000007c0000000)
  eden space 141312K, 100% used [0x000000076b200000,0x0000000773c00000,0x0000000773c00000)
  from space 22016K, 78% used [0x0000000773c00000,0x0000000774ce61b0,0x0000000775180000)
  to   space 23040K, 0% used [0x0000000775980000,0x0000000775980000,0x0000000777000000)
 ParOldGen       total 255488K, used 58651K [0x00000006c1600000, 0x00000006d0f80000, 0x000000076b200000)
  object space 255488K, 22% used [0x00000006c1600000,0x00000006c4f46cb0,0x00000006d0f80000)
 Metaspace       used 94496K, capacity 99856K, committed 100096K, reserved 1136640K
  class space    used 11035K, capacity 11992K, committed 12032K, reserved 1048576K
Event: 61477.910 GC heap after
Heap after GC invocations=565 (full 19):
 PSYoungGen      total 169984K, used 18054K [0x000000076b200000, 0x0000000777080000, 0x00000007c0000000)
  eden space 146944K, 0% used [0x000000076b200000,0x000000076b200000,0x0000000774180000)
  from space 23040K, 78% used [0x0000000775980000,0x0000000776b219f8,0x0000000777000000)
  to   space 24064K, 0% used [0x0000000774180000,0x0000000774180000,0x0000000775900000)
 ParOldGen       total 255488K, used 58659K [0x00000006c1600000, 0x00000006d0f80000, 0x000000076b200000)
  object space 255488K, 22% used [0x00000006c1600000,0x00000006c4f48cb0,0x00000006d0f80000)
 Metaspace       used 94496K, capacity 99856K, committed 100096K, reserved 1136640K
  class space    used 11035K, capacity 11992K, committed 12032K, reserved 1048576K
}
Event: 61664.497 GC heap before
{Heap before GC invocations=566 (full 19):
 PSYoungGen      total 169984K, used 164998K [0x000000076b200000, 0x0000000777080000, 0x00000007c0000000)
  eden space 146944K, 100% used [0x000000076b200000,0x0000000774180000,0x0000000774180000)
  from space 23040K, 78% used [0x0000000775980000,0x0000000776b219f8,0x0000000777000000)
  to   space 24064K, 0% used [0x0000000774180000,0x0000000774180000,0x0000000775900000)
 ParOldGen       total 255488K, used 58659K [0x00000006c1600000, 0x00000006d0f80000, 0x000000076b200000)
  object space 255488K, 22% used [0x00000006c1600000,0x00000006c4f48cb0,0x00000006d0f80000)
 Metaspace       used 94523K, capacity 99958K, committed 100096K, reserved 1136640K
  class space    used 11041K, capacity 11999K, committed 12032K, reserved 1048576K
Event: 61664.507 GC heap after
Heap after GC invocations=566 (full 19):
 PSYoungGen      total 162304K, used 18202K [0x000000076b200000, 0x0000000776e80000, 0x00000007c0000000)
  eden space 143872K, 0% used [0x000000076b200000,0x000000076b200000,0x0000000773e80000)
  from space 18432K, 98% used [0x0000000774180000,0x00000007753469a0,0x0000000775380000)
  to   space 24576K, 0% used [0x0000000775680000,0x0000000775680000,0x0000000776e80000)
 ParOldGen       total 255488K, used 58659K [0x00000006c1600000, 0x00000006d0f80000, 0x000000076b200000)
  object space 255488K, 22% used [0x00000006c1600000,0x00000006c4f48cb0,0x00000006d0f80000)
 Metaspace       used 94523K, capacity 99958K, committed 100096K, reserved 1136640K
  class space    used 11041K, capacity 11999K, committed 12032K, reserved 1048576K
}
Event: 61813.379 GC heap before
{Heap before GC invocations=567 (full 19):
 PSYoungGen      total 162304K, used 115807K [0x000000076b200000, 0x0000000776e80000, 0x00000007c0000000)
  eden space 143872K, 67% used [0x000000076b200000,0x0000000771151268,0x0000000773e80000)
  from space 18432K, 98% used [0x0000000774180000,0x00000007753469a0,0x0000000775380000)
  to   space 24576K, 0% used [0x0000000775680000,0x0000000775680000,0x0000000776e80000)
 ParOldGen       total 255488K, used 58659K [0x00000006c1600000, 0x00000006d0f80000, 0x000000076b200000)
  object space 255488K, 22% used [0x00000006c1600000,0x00000006c4f48cb0,0x00000006d0f80000)
 Metaspace       used 94763K, capacity 100250K, committed 100352K, reserved 1138688K
  class space    used 11053K, capacity 12006K, committed 12032K, reserved 1048576K
Event: 61813.385 GC heap after
Heap after GC invocations=567 (full 19):
 PSYoungGen      total 167424K, used 12188K [0x000000076b200000, 0x0000000776d80000, 0x00000007c0000000)
  eden space 143872K, 0% used [0x000000076b200000,0x000000076b200000,0x0000000773e80000)
  from space 23552K, 51% used [0x0000000775680000,0x0000000776267328,0x0000000776d80000)
  to   space 24064K, 0% used [0x0000000773e80000,0x0000000773e80000,0x0000000775600000)
 ParOldGen       total 255488K, used 58667K [0x00000006c1600000, 0x00000006d0f80000, 0x000000076b200000)
  object space 255488K, 22% used [0x00000006c1600000,0x00000006c4f4acb0,0x00000006d0f80000)
 Metaspace       used 94763K, capacity 100250K, committed 100352K, reserved 1138688K
  class space    used 11053K, capacity 12006K, committed 12032K, reserved 1048576K
}
Event: 61813.385 GC heap before
{Heap before GC invocations=568 (full 20):
 PSYoungGen      total 167424K, used 12188K [0x000000076b200000, 0x0000000776d80000, 0x00000007c0000000)
  eden space 143872K, 0% used [0x000000076b200000,0x000000076b200000,0x0000000773e80000)
  from space 23552K, 51% used [0x0000000775680000,0x0000000776267328,0x0000000776d80000)
  to   space 24064K, 0% used [0x0000000773e80000,0x0000000773e80000,0x0000000775600000)
 ParOldGen       total 255488K, used 58667K [0x00000006c1600000, 0x00000006d0f80000, 0x000000076b200000)
  object space 255488K, 22% used [0x00000006c1600000,0x00000006c4f4acb0,0x00000006d0f80000)
 Metaspace       used 94763K, capacity 100250K, committed 100352K, reserved 1138688K
  class space    used 11053K, capacity 12006K, committed 12032K, reserved 1048576K
Event: 61813.685 GC heap after
Heap after GC invocations=568 (full 20):
 PSYoungGen      total 167424K, used 0K [0x000000076b200000, 0x0000000776d80000, 0x00000007c0000000)
  eden space 143872K, 0% used [0x000000076b200000,0x000000076b200000,0x0000000773e80000)
  from space 23552K, 0% used [0x0000000775680000,0x0000000775680000,0x0000000776d80000)
  to   space 24064K, 0% used [0x0000000773e80000,0x0000000773e80000,0x0000000775600000)
 ParOldGen       total 255488K, used 60507K [0x00000006c1600000, 0x00000006d0f80000, 0x000000076b200000)
  object space 255488K, 23% used [0x00000006c1600000,0x00000006c5116cd8,0x00000006d0f80000)
 Metaspace       used 94730K, capacity 100196K, committed 100352K, reserved 1138688K
  class space    used 11048K, capacity 11996K, committed 12032K, reserved 1048576K
}

